<?xml version="1.0" encoding="UTF-8"?>
<testng-results ignored="0" total="1" passed="1" failed="0" skipped="0">
  <reporter-output>
  </reporter-output>
  <suite started-at="2022-12-21T18:06:34 IST" name="Default suite" finished-at="2022-12-21T18:06:53 IST" duration-ms="19362">
    <groups>
    </groups>
    <test started-at="2022-12-21T18:06:34 IST" name="Default test" finished-at="2022-12-21T18:06:53 IST" duration-ms="19362">
      <class name="Dummy">
        <test-method signature="newTest()[pri:0, instance:Dummy@436813f3]" started-at="2022-12-21T18:06:34 IST" name="newTest" finished-at="2022-12-21T18:06:53 IST" duration-ms="19286" status="PASS">
          <reporter-output>
          </reporter-output>
        </test-method> <!-- newTest -->
      </class> <!-- Dummy -->
    </test> <!-- Default test -->
  </suite> <!-- Default suite -->
</testng-results>
